<?xml version="1.0" encoding="UTF-8"?>
<!-- Generated by org.testng.reporters.JUnitXMLReporter -->
<testsuite ignored="10" hostname="DESKTOP-8TPETFG" failures="0" tests="9" name="Bank Manager Add Customer Tests" time="10.983" errors="0" timestamp="2025-01-17T13:34:23 EET">
  <testcase classname="tests.bankManager.addCustomer.invalidScenariosAddCustomer.AllFieldsEmptyTest" name="allFieldsEmpty" time="1.364"/>
  <testcase classname="tests.bankManager.addCustomer.invalidScenariosAddCustomer.BlankSpacePostCodeTest" name="blankSpacePostCode" time="1.878"/>
  <testcase classname="tests.bankManager.addCustomer.invalidScenariosAddCustomer.BlankSpaceLastNameTest" name="blankSpaceLastName" time="2.293"/>
  <testcase classname="tests.bankManager.addCustomer.invalidScenariosAddCustomer.BlankSpaceFirstNameTest" name="blankSpaceFirstName" time="1.879"/>
  <testcase classname="tests.bankManager.addCustomer.invalidScenariosAddCustomer.DuplicatedData" name="duplicatedData" time="2.644"/>
  <testcase classname="tests.bankManager.addCustomer.invalidScenariosAddCustomer.FirstNameEmptyTest" name="firstNameEmpty" time="1.409"/>
  <testcase classname="tests.bankManager.addCustomer.invalidScenariosAddCustomer.LastNameEmptyTest" name="lastNameEmpty" time="1.504"/>
  <testcase classname="tests.bankManager.addCustomer.invalidScenariosAddCustomer.PostCodeEmptyTest" name="postCodeEmpty" time="1.513"/>
  <testcase classname="tests.bankManager.addCustomer.invalidScenariosAddCustomer.MultipleInputSpaceTest" name="multipleInputSpace" time="1.869"/>
  <testcase classname="tests.bankManager.addCustomer.validScenariosAddCustomer.MaximumLengthTest" name="maximumLengthOfChars" time="0.0">
    <ignored/>
  </testcase> <!-- maximumLengthOfChars -->
  <testcase classname="tests.bankManager.addCustomer.validScenariosAddCustomer.OneInputSpaceTest" name="oneInputSpace" time="0.0">
    <ignored/>
  </testcase> <!-- oneInputSpace -->
  <testcase classname="tests.bankManager.openAccount.validScenariosOpenAccount.OpenAccountForExistingCustomer" name="openAccountForAnnExistingCustomer" time="0.0">
    <ignored/>
  </testcase> <!-- openAccountForAnnExistingCustomer -->
  <testcase classname="tests.bankManager.addCustomer.validScenariosAddCustomer.MinimumLengthTest" name="minimumLengthOfChars" time="0.0">
    <ignored/>
  </testcase> <!-- minimumLengthOfChars -->
  <testcase classname="tests.bankManager.addCustomer.validScenariosAddCustomer.AllTypeOfCharsTest" name="allTypeOfCharsTest" time="0.0">
    <ignored/>
  </testcase> <!-- allTypeOfCharsTest -->
  <testcase classname="tests.customer.makeTransaction.validScenariosMakeTransaction.DepositAndWithdrawForExistingAccount" name="depositAndWithdrawForExistingCustomer" time="0.0">
    <ignored/>
  </testcase> <!-- depositAndWithdrawForExistingCustomer -->
  <testcase classname="tests.bankManager.addCustomer.validScenariosAddCustomer.DuplicatedNames" name="duplicatedNames" time="0.0">
    <ignored/>
  </testcase> <!-- duplicatedNames -->
  <testcase classname="tests.customer.makeTransaction.validScenariosMakeTransaction.WithdrawForExistingAccount" name="withdrawForExistingCustomer" time="0.0">
    <ignored/>
  </testcase> <!-- withdrawForExistingCustomer -->
  <testcase classname="tests.bankManager.addCustomer.validScenariosAddCustomer.DuplicatedNameAndPostCode" name="duplicatedNameAndPostCode" time="0.0">
    <ignored/>
  </testcase> <!-- duplicatedNameAndPostCode -->
  <testcase classname="tests.customer.makeTransaction.validScenariosMakeTransaction.DepositForExistingAccount" name="depositForExistingCustomer" time="0.0">
    <ignored/>
  </testcase> <!-- depositForExistingCustomer -->
</testsuite> <!-- Bank Manager Add Customer Tests -->
