<?xml version="1.0" encoding="UTF-8"?>
<!-- Generated by org.testng.reporters.JUnitXMLReporter -->
<testsuite ignored="0" hostname="DESKTOP-8TPETFG" failures="0" tests="12" name="Command line test" time="37.931" errors="0" timestamp="2025-01-17T12:52:07 EET">
  <testcase classname="tests.bankManager.addCustomer.invalidScenariosAddCustomer.AllFieldsEmptyTest" name="allFieldsEmpty" time="1.17"/>
  <testcase classname="tests.bankManager.addCustomer.invalidScenariosAddCustomer.BlankSpaceFirstNameTest" name="blankSpaceFirstName" time="1.282"/>
  <testcase classname="tests.bankManager.addCustomer.invalidScenariosAddCustomer.BlankSpaceLastNameTest" name="blankSpaceLastName" time="1.291"/>
  <testcase classname="tests.bankManager.addCustomer.invalidScenariosAddCustomer.BlankSpacePostCodeTest" name="blankSpacePostCode" time="1.301"/>
  <testcase classname="tests.bankManager.addCustomer.invalidScenariosAddCustomer.FirstNameEmptyTest" name="firstNameEmpty" time="1.25"/>
  <testcase classname="tests.bankManager.addCustomer.invalidScenariosAddCustomer.LastNameEmptyTest" name="lastNameEmpty" time="1.256"/>
  <testcase classname="tests.bankManager.addCustomer.invalidScenariosAddCustomer.MultipleInputSpaceTest" name="multipleInputSpace" time="1.589"/>
  <testcase classname="tests.bankManager.addCustomer.invalidScenariosAddCustomer.PostCodeEmptyTest" name="postCodeEmpty" time="1.243"/>
  <testcase classname="tests.bankManager.addCustomer.validScenariosAddCustomer.AllTypeOfCharsTest" name="allTypeOfCharsTest" time="1.565"/>
  <testcase classname="tests.bankManager.addCustomer.validScenariosAddCustomer.MaximumLengthTest" name="maximumLengthOfChars" time="1.584"/>
  <testcase classname="tests.bankManager.addCustomer.validScenariosAddCustomer.MinimumLengthTest" name="minimumLengthOfChars" time="1.557"/>
  <testcase classname="tests.bankManager.addCustomer.validScenariosAddCustomer.OneInputSpaceTest" name="oneInputSpace" time="1.567"/>
</testsuite> <!-- Command line test -->
