<?xml version="1.0" encoding="UTF-8"?>
<testsuite xmlns:xsi="http://www.w3.org/2001/XMLSchema-instance" xsi:noNamespaceSchemaLocation="https://maven.apache.org/surefire/maven-surefire-plugin/xsd/surefire-test-report.xsd" version="3.0.2" name="TestSuite" time="11.496" tests="9" errors="0" skipped="0" failures="0">
  <properties>
[...]
</properties>
  <testcase name="allFieldsEmpty" classname="tests.bankManager.addCustomer.invalidScenariosAddCustomer.AllFieldsEmptyTest" time="1.161">
    <system-out><![CDATA[13:34:15.306 [TestNG-test-Bank Manager Add Customer Tests-1] INFO  loggerUtility.LoggerUtility - The browser is open
13:34:15.306 [TestNG-test-Bank Manager Add Customer Tests-3] INFO  loggerUtility.LoggerUtility - The browser is open
13:34:15.306 [TestNG-test-Bank Manager Add Customer Tests-5] INFO  loggerUtility.LoggerUtility - The browser is open
13:34:15.306 [TestNG-test-Bank Manager Add Customer Tests-4] INFO  loggerUtility.LoggerUtility - The browser is open
13:34:15.306 [TestNG-test-Bank Manager Add Customer Tests-2] INFO  loggerUtility.LoggerUtility - The browser is open
13:34:16.088 [TestNG-test-Bank Manager Add Customer Tests-3] INFO  loggerUtility.LoggerUtility - Navigated to Home Page
13:34:16.216 [TestNG-test-Bank Manager Add Customer Tests-5] INFO  loggerUtility.LoggerUtility - Navigated to Home Page
13:34:16.350 [TestNG-test-Bank Manager Add Customer Tests-4] INFO  loggerUtility.LoggerUtility - Navigated to Home Page
13:34:16.372 [TestNG-test-Bank Manager Add Customer Tests-1] INFO  loggerUtility.LoggerUtility - Navigated to Home Page
13:34:16.580 [TestNG-test-Bank Manager Add Customer Tests-2] INFO  loggerUtility.LoggerUtility - Navigated to Home Page
13:34:16.680 [TestNG-test-Bank Manager Add Customer Tests-5] INFO  loggerUtility.LoggerUtility - Clicked on Bank Manager Login button
13:34:16.852 [TestNG-test-Bank Manager Add Customer Tests-1] INFO  loggerUtility.LoggerUtility - Clicked on Bank Manager Login button
13:34:16.886 [TestNG-test-Bank Manager Add Customer Tests-4] INFO  loggerUtility.LoggerUtility - Clicked on Bank Manager Login button
13:34:16.966 [TestNG-test-Bank Manager Add Customer Tests-5] INFO  loggerUtility.LoggerUtility - Clicked on Add Customerbutton
13:34:17.122 [TestNG-test-Bank Manager Add Customer Tests-2] INFO  loggerUtility.LoggerUtility - Clicked on Bank Manager Login button
13:34:17.141 [TestNG-test-Bank Manager Add Customer Tests-3] INFO  loggerUtility.LoggerUtility - Clicked on Bank Manager Login button
13:34:17.154 [TestNG-test-Bank Manager Add Customer Tests-1] INFO  loggerUtility.LoggerUtility - Clicked on Add Customerbutton
13:34:17.154 [TestNG-test-Bank Manager Add Customer Tests-1] INFO  loggerUtility.LoggerUtility - Left the First Name field empty
13:34:17.154 [TestNG-test-Bank Manager Add Customer Tests-1] INFO  loggerUtility.LoggerUtility - Left the Last Name field empty
13:34:17.154 [TestNG-test-Bank Manager Add Customer Tests-1] INFO  loggerUtility.LoggerUtility - Left the Post Code field empty
13:34:17.176 [TestNG-test-Bank Manager Add Customer Tests-4] INFO  loggerUtility.LoggerUtility - Clicked on Add Customerbutton
13:34:17.270 [TestNG-test-Bank Manager Add Customer Tests-5] INFO  loggerUtility.LoggerUtility - Entered First Name
13:34:17.342 [TestNG-test-Bank Manager Add Customer Tests-5] INFO  loggerUtility.LoggerUtility - Entered Last Name
13:34:17.426 [TestNG-test-Bank Manager Add Customer Tests-5] INFO  loggerUtility.LoggerUtility - Entered Post Code
13:34:17.444 [TestNG-test-Bank Manager Add Customer Tests-2] INFO  loggerUtility.LoggerUtility - Clicked on Add Customerbutton
13:34:17.475 [TestNG-test-Bank Manager Add Customer Tests-3] INFO  loggerUtility.LoggerUtility - Clicked on Add Customerbutton
13:34:17.501 [TestNG-test-Bank Manager Add Customer Tests-1] INFO  loggerUtility.LoggerUtility - Clicked on Add Customer Submit button
13:34:17.549 [TestNG-test-Bank Manager Add Customer Tests-5] INFO  loggerUtility.LoggerUtility - Clicked on Add Customer Submit button
13:34:17.570 [TestNG-test-Bank Manager Add Customer Tests-5] INFO  loggerUtility.LoggerUtility - Validated successful message
13:34:17.570 [TestNG-test-Bank Manager Add Customer Tests-5] INFO  loggerUtility.LoggerUtility - Accepted pop-up alert
13:34:17.592 [TestNG-test-Bank Manager Add Customer Tests-4] INFO  loggerUtility.LoggerUtility - Entered First Name
13:34:17.609 [TestNG-test-Bank Manager Add Customer Tests-1] INFO  loggerUtility.LoggerUtility - Warning alert message is displayed
13:34:17.669 [TestNG-test-Bank Manager Add Customer Tests-5] INFO  loggerUtility.LoggerUtility - Clicked on Customersbutton
13:34:17.735 [TestNG-test-Bank Manager Add Customer Tests-1] INFO  loggerUtility.LoggerUtility - Clicked on Customersbutton
13:34:17.736 [TestNG-test-Bank Manager Add Customer Tests-1] INFO  loggerUtility.LoggerUtility - The Customer is not added to the list
]]></system-out>
    <system-err><![CDATA[SLF4J: Failed to load class "org.slf4j.impl.StaticLoggerBinder".
SLF4J: Defaulting to no-operation (NOP) logger implementation
SLF4J: See http://www.slf4j.org/codes.html#StaticLoggerBinder for further details.
]]></system-err>
  </testcase>
  <testcase name="blankSpacePostCode" classname="tests.bankManager.addCustomer.invalidScenariosAddCustomer.BlankSpacePostCodeTest" time="1.648">
    <system-out><![CDATA[13:34:17.743 [TestNG-test-Bank Manager Add Customer Tests-4] INFO  loggerUtility.LoggerUtility - Entered Last Name
13:34:17.870 [TestNG-test-Bank Manager Add Customer Tests-2] INFO  loggerUtility.LoggerUtility - Entered First Name
13:34:17.895 [TestNG-test-Bank Manager Add Customer Tests-3] INFO  loggerUtility.LoggerUtility - Entered First Name
13:34:17.926 [TestNG-test-Bank Manager Add Customer Tests-4] INFO  loggerUtility.LoggerUtility - Entered Post Code
13:34:17.997 [TestNG-test-Bank Manager Add Customer Tests-3] INFO  loggerUtility.LoggerUtility - Entered Last Name
13:34:18.007 [TestNG-test-Bank Manager Add Customer Tests-2] INFO  loggerUtility.LoggerUtility - Entered Last Name
13:34:18.053 [TestNG-test-Bank Manager Add Customer Tests-5] INFO  loggerUtility.LoggerUtility - The Customer is added to the list
13:34:18.092 [TestNG-test-Bank Manager Add Customer Tests-4] INFO  loggerUtility.LoggerUtility - Clicked on Add Customer Submit button
13:34:18.112 [TestNG-test-Bank Manager Add Customer Tests-3] INFO  loggerUtility.LoggerUtility - Entered Post Code
13:34:18.112 [TestNG-test-Bank Manager Add Customer Tests-4] INFO  loggerUtility.LoggerUtility - Warning alert message is displayed
13:34:18.113 [TestNG-test-Bank Manager Add Customer Tests-4] INFO  loggerUtility.LoggerUtility - Accepted pop-up alert
13:34:18.134 [TestNG-test-Bank Manager Add Customer Tests-2] INFO  loggerUtility.LoggerUtility - Entered Post Code
13:34:18.182 [TestNG-test-Bank Manager Add Customer Tests-5] INFO  loggerUtility.LoggerUtility - Clicked on Add Customerbutton
13:34:18.228 [TestNG-test-Bank Manager Add Customer Tests-4] INFO  loggerUtility.LoggerUtility - Clicked on Customersbutton
13:34:18.228 [TestNG-test-Bank Manager Add Customer Tests-4] INFO  loggerUtility.LoggerUtility - The Customer is not added to the list
]]></system-out>
  </testcase>
  <testcase name="blankSpaceLastName" classname="tests.bankManager.addCustomer.invalidScenariosAddCustomer.BlankSpaceLastNameTest" time="1.804">
    <system-out><![CDATA[13:34:18.231 [TestNG-test-Bank Manager Add Customer Tests-3] INFO  loggerUtility.LoggerUtility - Clicked on Add Customer Submit button
13:34:18.243 [TestNG-test-Bank Manager Add Customer Tests-3] INFO  loggerUtility.LoggerUtility - Warning alert message is displayed
13:34:18.243 [TestNG-test-Bank Manager Add Customer Tests-3] INFO  loggerUtility.LoggerUtility - Accepted pop-up alert
13:34:18.273 [TestNG-test-Bank Manager Add Customer Tests-2] INFO  loggerUtility.LoggerUtility - Clicked on Add Customer Submit button
13:34:18.298 [TestNG-test-Bank Manager Add Customer Tests-2] INFO  loggerUtility.LoggerUtility - Warning alert message is displayed
13:34:18.298 [TestNG-test-Bank Manager Add Customer Tests-2] INFO  loggerUtility.LoggerUtility - Accepted pop-up alert
13:34:18.306 [TestNG-test-Bank Manager Add Customer Tests-5] INFO  loggerUtility.LoggerUtility - Entered First Name
13:34:18.384 [TestNG-test-Bank Manager Add Customer Tests-3] INFO  loggerUtility.LoggerUtility - Clicked on Customersbutton
13:34:18.384 [TestNG-test-Bank Manager Add Customer Tests-3] INFO  loggerUtility.LoggerUtility - The Customer is not added to the list
]]></system-out>
  </testcase>
  <testcase name="blankSpaceFirstName" classname="tests.bankManager.addCustomer.invalidScenariosAddCustomer.BlankSpaceFirstNameTest" time="1.881">
    <system-out><![CDATA[13:34:18.441 [TestNG-test-Bank Manager Add Customer Tests-5] INFO  loggerUtility.LoggerUtility - Entered Last Name
13:34:18.459 [TestNG-test-Bank Manager Add Customer Tests-2] INFO  loggerUtility.LoggerUtility - Clicked on Customersbutton
13:34:18.459 [TestNG-test-Bank Manager Add Customer Tests-2] INFO  loggerUtility.LoggerUtility - The Customer is not added to the list
]]></system-out>
  </testcase>
  <testcase name="duplicatedData" classname="tests.bankManager.addCustomer.invalidScenariosAddCustomer.DuplicatedData" time="2.28">
    <system-out><![CDATA[13:34:18.568 [TestNG-test-Bank Manager Add Customer Tests-5] INFO  loggerUtility.LoggerUtility - Entered Post Code
13:34:18.654 [TestNG-test-Bank Manager Add Customer Tests-5] INFO  loggerUtility.LoggerUtility - Clicked on Add Customer Submit button
13:34:18.666 [TestNG-test-Bank Manager Add Customer Tests-5] INFO  loggerUtility.LoggerUtility - Warning alert message is displayed
13:34:18.666 [TestNG-test-Bank Manager Add Customer Tests-5] INFO  loggerUtility.LoggerUtility - Accepted pop-up alert
13:34:18.763 [TestNG-test-Bank Manager Add Customer Tests-5] INFO  loggerUtility.LoggerUtility - Clicked on Customersbutton
13:34:18.860 [TestNG-test-Bank Manager Add Customer Tests-5] INFO  loggerUtility.LoggerUtility - The Customer is not duplicated
]]></system-out>
  </testcase>
  <testcase name="firstNameEmpty" classname="tests.bankManager.addCustomer.invalidScenariosAddCustomer.FirstNameEmptyTest" time="0.742">
    <system-out><![CDATA[13:34:19.936 [TestNG-test-Bank Manager Add Customer Tests-1] INFO  loggerUtility.LoggerUtility - The browser is open
13:34:20.483 [TestNG-test-Bank Manager Add Customer Tests-4] INFO  loggerUtility.LoggerUtility - The browser is open
13:34:20.508 [TestNG-test-Bank Manager Add Customer Tests-2] INFO  loggerUtility.LoggerUtility - The browser is open
13:34:20.556 [TestNG-test-Bank Manager Add Customer Tests-3] INFO  loggerUtility.LoggerUtility - The browser is open
13:34:20.677 [TestNG-test-Bank Manager Add Customer Tests-1] INFO  loggerUtility.LoggerUtility - Navigated to Home Page
13:34:21.223 [TestNG-test-Bank Manager Add Customer Tests-3] INFO  loggerUtility.LoggerUtility - Navigated to Home Page
13:34:21.291 [TestNG-test-Bank Manager Add Customer Tests-1] INFO  loggerUtility.LoggerUtility - Clicked on Bank Manager Login button
13:34:21.311 [TestNG-test-Bank Manager Add Customer Tests-4] INFO  loggerUtility.LoggerUtility - Navigated to Home Page
13:34:21.344 [TestNG-test-Bank Manager Add Customer Tests-2] INFO  loggerUtility.LoggerUtility - Navigated to Home Page
13:34:21.568 [TestNG-test-Bank Manager Add Customer Tests-1] INFO  loggerUtility.LoggerUtility - Clicked on Add Customerbutton
13:34:21.568 [TestNG-test-Bank Manager Add Customer Tests-1] INFO  loggerUtility.LoggerUtility - Left the First Name field empty
13:34:21.696 [TestNG-test-Bank Manager Add Customer Tests-3] INFO  loggerUtility.LoggerUtility - Clicked on Bank Manager Login button
13:34:21.842 [TestNG-test-Bank Manager Add Customer Tests-4] INFO  loggerUtility.LoggerUtility - Clicked on Bank Manager Login button
13:34:21.866 [TestNG-test-Bank Manager Add Customer Tests-1] INFO  loggerUtility.LoggerUtility - Entered Last Name
13:34:21.871 [TestNG-test-Bank Manager Add Customer Tests-2] INFO  loggerUtility.LoggerUtility - Clicked on Bank Manager Login button
13:34:21.925 [TestNG-test-Bank Manager Add Customer Tests-1] INFO  loggerUtility.LoggerUtility - Entered Post Code
13:34:21.986 [TestNG-test-Bank Manager Add Customer Tests-3] INFO  loggerUtility.LoggerUtility - Clicked on Add Customerbutton
13:34:22.008 [TestNG-test-Bank Manager Add Customer Tests-1] INFO  loggerUtility.LoggerUtility - Clicked on Add Customer Submit button
13:34:22.025 [TestNG-test-Bank Manager Add Customer Tests-1] INFO  loggerUtility.LoggerUtility - Warning alert message is displayed
13:34:22.086 [TestNG-test-Bank Manager Add Customer Tests-1] INFO  loggerUtility.LoggerUtility - Clicked on Customersbutton
13:34:22.086 [TestNG-test-Bank Manager Add Customer Tests-1] INFO  loggerUtility.LoggerUtility - The Customer is not added to the list
]]></system-out>
  </testcase>
  <testcase name="lastNameEmpty" classname="tests.bankManager.addCustomer.invalidScenariosAddCustomer.LastNameEmptyTest" time="1.472">
    <system-out><![CDATA[13:34:22.145 [TestNG-test-Bank Manager Add Customer Tests-4] INFO  loggerUtility.LoggerUtility - Clicked on Add Customerbutton
13:34:22.170 [TestNG-test-Bank Manager Add Customer Tests-2] INFO  loggerUtility.LoggerUtility - Clicked on Add Customerbutton
13:34:22.329 [TestNG-test-Bank Manager Add Customer Tests-3] INFO  loggerUtility.LoggerUtility - Entered First Name
13:34:22.462 [TestNG-test-Bank Manager Add Customer Tests-3] INFO  loggerUtility.LoggerUtility - Entered Last Name
13:34:22.483 [TestNG-test-Bank Manager Add Customer Tests-4] INFO  loggerUtility.LoggerUtility - Entered First Name
13:34:22.483 [TestNG-test-Bank Manager Add Customer Tests-4] INFO  loggerUtility.LoggerUtility - Left the Last Name field empty
13:34:22.521 [TestNG-test-Bank Manager Add Customer Tests-2] INFO  loggerUtility.LoggerUtility - Entered First Name
13:34:22.592 [TestNG-test-Bank Manager Add Customer Tests-4] INFO  loggerUtility.LoggerUtility - Entered Post Code
13:34:22.593 [TestNG-test-Bank Manager Add Customer Tests-3] INFO  loggerUtility.LoggerUtility - Entered Post Code
13:34:22.633 [TestNG-test-Bank Manager Add Customer Tests-2] INFO  loggerUtility.LoggerUtility - Entered Last Name
13:34:22.634 [TestNG-test-Bank Manager Add Customer Tests-2] INFO  loggerUtility.LoggerUtility - Left the Post Code field empty
13:34:22.695 [TestNG-test-Bank Manager Add Customer Tests-3] INFO  loggerUtility.LoggerUtility - Clicked on Add Customer Submit button
13:34:22.702 [TestNG-test-Bank Manager Add Customer Tests-4] INFO  loggerUtility.LoggerUtility - Clicked on Add Customer Submit button
13:34:22.707 [TestNG-test-Bank Manager Add Customer Tests-3] INFO  loggerUtility.LoggerUtility - Validated successful message
13:34:22.707 [TestNG-test-Bank Manager Add Customer Tests-3] INFO  loggerUtility.LoggerUtility - Accepted pop-up alert
13:34:22.730 [TestNG-test-Bank Manager Add Customer Tests-4] INFO  loggerUtility.LoggerUtility - Warning alert message is displayed
13:34:22.739 [TestNG-test-Bank Manager Add Customer Tests-2] INFO  loggerUtility.LoggerUtility - Clicked on Add Customer Submit button
13:34:22.764 [TestNG-test-Bank Manager Add Customer Tests-2] INFO  loggerUtility.LoggerUtility - Warning alert message is displayed
13:34:22.795 [TestNG-test-Bank Manager Add Customer Tests-3] INFO  loggerUtility.LoggerUtility - Clicked on Customersbutton
13:34:22.815 [TestNG-test-Bank Manager Add Customer Tests-4] INFO  loggerUtility.LoggerUtility - Clicked on Customersbutton
13:34:22.816 [TestNG-test-Bank Manager Add Customer Tests-4] INFO  loggerUtility.LoggerUtility - The Customer is not added to the list
]]></system-out>
  </testcase>
  <testcase name="postCodeEmpty" classname="tests.bankManager.addCustomer.invalidScenariosAddCustomer.PostCodeEmptyTest" time="1.515">
    <system-out><![CDATA[13:34:22.858 [TestNG-test-Bank Manager Add Customer Tests-2] INFO  loggerUtility.LoggerUtility - Clicked on Customersbutton
13:34:22.858 [TestNG-test-Bank Manager Add Customer Tests-2] INFO  loggerUtility.LoggerUtility - The Customer is not added to the list
]]></system-out>
  </testcase>
  <testcase name="multipleInputSpace" classname="tests.bankManager.addCustomer.invalidScenariosAddCustomer.MultipleInputSpaceTest" time="1.749">
    <system-out><![CDATA[13:34:23.093 [TestNG-test-Bank Manager Add Customer Tests-3] INFO  loggerUtility.LoggerUtility - The Customer is added to the list
]]></system-out>
  </testcase>
</testsuite>