<?xml version="1.0" encoding="UTF-8"?>
<testng-results ignored="0" total="9" passed="9" failed="0" skipped="0">
  <reporter-output>
  </reporter-output>
  <suite started-at="2025-01-17T13:34:12 EET" name="XYZ Bank Test Suite" finished-at="2025-01-17T13:34:23 EET" duration-ms="10983">
    <groups>
      <group name="addCustomer">
        <method signature="AllFieldsEmptyTest.allFieldsEmpty()[pri:0, instance:tests.bankManager.addCustomer.invalidScenariosAddCustomer.AllFieldsEmptyTest@4567f35d]" name="allFieldsEmpty" class="tests.bankManager.addCustomer.invalidScenariosAddCustomer.AllFieldsEmptyTest"/>
        <method signature="BlankSpaceFirstNameTest.blankSpaceFirstName()[pri:0, instance:tests.bankManager.addCustomer.invalidScenariosAddCustomer.BlankSpaceFirstNameTest@1189dd52]" name="blankSpaceFirstName" class="tests.bankManager.addCustomer.invalidScenariosAddCustomer.BlankSpaceFirstNameTest"/>
        <method signature="BlankSpaceLastNameTest.blankSpaceLastName()[pri:0, instance:tests.bankManager.addCustomer.invalidScenariosAddCustomer.BlankSpaceLastNameTest@36bc55de]" name="blankSpaceLastName" class="tests.bankManager.addCustomer.invalidScenariosAddCustomer.BlankSpaceLastNameTest"/>
        <method signature="BlankSpacePostCodeTest.blankSpacePostCode()[pri:0, instance:tests.bankManager.addCustomer.invalidScenariosAddCustomer.BlankSpacePostCodeTest@564fabc8]" name="blankSpacePostCode" class="tests.bankManager.addCustomer.invalidScenariosAddCustomer.BlankSpacePostCodeTest"/>
        <method signature="DuplicatedData.duplicatedData()[pri:0, instance:tests.bankManager.addCustomer.invalidScenariosAddCustomer.DuplicatedData@16d04d3d]" name="duplicatedData" class="tests.bankManager.addCustomer.invalidScenariosAddCustomer.DuplicatedData"/>
        <method signature="FirstNameEmptyTest.firstNameEmpty()[pri:0, instance:tests.bankManager.addCustomer.invalidScenariosAddCustomer.FirstNameEmptyTest@49ec71f8]" name="firstNameEmpty" class="tests.bankManager.addCustomer.invalidScenariosAddCustomer.FirstNameEmptyTest"/>
        <method signature="LastNameEmptyTest.lastNameEmpty()[pri:0, instance:tests.bankManager.addCustomer.invalidScenariosAddCustomer.LastNameEmptyTest@1d2adfbe]" name="lastNameEmpty" class="tests.bankManager.addCustomer.invalidScenariosAddCustomer.LastNameEmptyTest"/>
        <method signature="MultipleInputSpaceTest.multipleInputSpace()[pri:0, instance:tests.bankManager.addCustomer.invalidScenariosAddCustomer.MultipleInputSpaceTest@36902638]" name="multipleInputSpace" class="tests.bankManager.addCustomer.invalidScenariosAddCustomer.MultipleInputSpaceTest"/>
        <method signature="PostCodeEmptyTest.postCodeEmpty()[pri:0, instance:tests.bankManager.addCustomer.invalidScenariosAddCustomer.PostCodeEmptyTest@223d2c72]" name="postCodeEmpty" class="tests.bankManager.addCustomer.invalidScenariosAddCustomer.PostCodeEmptyTest"/>
      </group> <!-- addCustomer -->
      <group name="invalidAddCustomer">
        <method signature="AllFieldsEmptyTest.allFieldsEmpty()[pri:0, instance:tests.bankManager.addCustomer.invalidScenariosAddCustomer.AllFieldsEmptyTest@4567f35d]" name="allFieldsEmpty" class="tests.bankManager.addCustomer.invalidScenariosAddCustomer.AllFieldsEmptyTest"/>
        <method signature="BlankSpaceFirstNameTest.blankSpaceFirstName()[pri:0, instance:tests.bankManager.addCustomer.invalidScenariosAddCustomer.BlankSpaceFirstNameTest@1189dd52]" name="blankSpaceFirstName" class="tests.bankManager.addCustomer.invalidScenariosAddCustomer.BlankSpaceFirstNameTest"/>
        <method signature="BlankSpaceLastNameTest.blankSpaceLastName()[pri:0, instance:tests.bankManager.addCustomer.invalidScenariosAddCustomer.BlankSpaceLastNameTest@36bc55de]" name="blankSpaceLastName" class="tests.bankManager.addCustomer.invalidScenariosAddCustomer.BlankSpaceLastNameTest"/>
        <method signature="BlankSpacePostCodeTest.blankSpacePostCode()[pri:0, instance:tests.bankManager.addCustomer.invalidScenariosAddCustomer.BlankSpacePostCodeTest@564fabc8]" name="blankSpacePostCode" class="tests.bankManager.addCustomer.invalidScenariosAddCustomer.BlankSpacePostCodeTest"/>
        <method signature="DuplicatedData.duplicatedData()[pri:0, instance:tests.bankManager.addCustomer.invalidScenariosAddCustomer.DuplicatedData@16d04d3d]" name="duplicatedData" class="tests.bankManager.addCustomer.invalidScenariosAddCustomer.DuplicatedData"/>
        <method signature="FirstNameEmptyTest.firstNameEmpty()[pri:0, instance:tests.bankManager.addCustomer.invalidScenariosAddCustomer.FirstNameEmptyTest@49ec71f8]" name="firstNameEmpty" class="tests.bankManager.addCustomer.invalidScenariosAddCustomer.FirstNameEmptyTest"/>
        <method signature="LastNameEmptyTest.lastNameEmpty()[pri:0, instance:tests.bankManager.addCustomer.invalidScenariosAddCustomer.LastNameEmptyTest@1d2adfbe]" name="lastNameEmpty" class="tests.bankManager.addCustomer.invalidScenariosAddCustomer.LastNameEmptyTest"/>
        <method signature="MultipleInputSpaceTest.multipleInputSpace()[pri:0, instance:tests.bankManager.addCustomer.invalidScenariosAddCustomer.MultipleInputSpaceTest@36902638]" name="multipleInputSpace" class="tests.bankManager.addCustomer.invalidScenariosAddCustomer.MultipleInputSpaceTest"/>
        <method signature="PostCodeEmptyTest.postCodeEmpty()[pri:0, instance:tests.bankManager.addCustomer.invalidScenariosAddCustomer.PostCodeEmptyTest@223d2c72]" name="postCodeEmpty" class="tests.bankManager.addCustomer.invalidScenariosAddCustomer.PostCodeEmptyTest"/>
      </group> <!-- invalidAddCustomer -->
      <group name="regression">
        <method signature="AllFieldsEmptyTest.allFieldsEmpty()[pri:0, instance:tests.bankManager.addCustomer.invalidScenariosAddCustomer.AllFieldsEmptyTest@4567f35d]" name="allFieldsEmpty" class="tests.bankManager.addCustomer.invalidScenariosAddCustomer.AllFieldsEmptyTest"/>
        <method signature="BlankSpaceFirstNameTest.blankSpaceFirstName()[pri:0, instance:tests.bankManager.addCustomer.invalidScenariosAddCustomer.BlankSpaceFirstNameTest@1189dd52]" name="blankSpaceFirstName" class="tests.bankManager.addCustomer.invalidScenariosAddCustomer.BlankSpaceFirstNameTest"/>
        <method signature="BlankSpaceLastNameTest.blankSpaceLastName()[pri:0, instance:tests.bankManager.addCustomer.invalidScenariosAddCustomer.BlankSpaceLastNameTest@36bc55de]" name="blankSpaceLastName" class="tests.bankManager.addCustomer.invalidScenariosAddCustomer.BlankSpaceLastNameTest"/>
        <method signature="BlankSpacePostCodeTest.blankSpacePostCode()[pri:0, instance:tests.bankManager.addCustomer.invalidScenariosAddCustomer.BlankSpacePostCodeTest@564fabc8]" name="blankSpacePostCode" class="tests.bankManager.addCustomer.invalidScenariosAddCustomer.BlankSpacePostCodeTest"/>
        <method signature="DuplicatedData.duplicatedData()[pri:0, instance:tests.bankManager.addCustomer.invalidScenariosAddCustomer.DuplicatedData@16d04d3d]" name="duplicatedData" class="tests.bankManager.addCustomer.invalidScenariosAddCustomer.DuplicatedData"/>
        <method signature="FirstNameEmptyTest.firstNameEmpty()[pri:0, instance:tests.bankManager.addCustomer.invalidScenariosAddCustomer.FirstNameEmptyTest@49ec71f8]" name="firstNameEmpty" class="tests.bankManager.addCustomer.invalidScenariosAddCustomer.FirstNameEmptyTest"/>
        <method signature="LastNameEmptyTest.lastNameEmpty()[pri:0, instance:tests.bankManager.addCustomer.invalidScenariosAddCustomer.LastNameEmptyTest@1d2adfbe]" name="lastNameEmpty" class="tests.bankManager.addCustomer.invalidScenariosAddCustomer.LastNameEmptyTest"/>
        <method signature="MultipleInputSpaceTest.multipleInputSpace()[pri:0, instance:tests.bankManager.addCustomer.invalidScenariosAddCustomer.MultipleInputSpaceTest@36902638]" name="multipleInputSpace" class="tests.bankManager.addCustomer.invalidScenariosAddCustomer.MultipleInputSpaceTest"/>
        <method signature="PostCodeEmptyTest.postCodeEmpty()[pri:0, instance:tests.bankManager.addCustomer.invalidScenariosAddCustomer.PostCodeEmptyTest@223d2c72]" name="postCodeEmpty" class="tests.bankManager.addCustomer.invalidScenariosAddCustomer.PostCodeEmptyTest"/>
      </group> <!-- regression -->
    </groups>
    <test started-at="2025-01-17T13:34:12 EET" name="Bank Manager Add Customer Tests" finished-at="2025-01-17T13:34:23 EET" duration-ms="10983">
      <class name="tests.bankManager.addCustomer.invalidScenariosAddCustomer.DuplicatedData">
        <test-method is-config="true" signature="prepareEnvironment()[pri:0, instance:tests.bankManager.addCustomer.invalidScenariosAddCustomer.DuplicatedData@16d04d3d]" started-at="2025-01-17T13:34:12 EET" name="prepareEnvironment" finished-at="2025-01-17T13:34:16 EET" duration-ms="3937" status="PASS">
          <reporter-output>
          </reporter-output>
        </test-method> <!-- prepareEnvironment -->
        <test-method signature="duplicatedData()[pri:0, instance:tests.bankManager.addCustomer.invalidScenariosAddCustomer.DuplicatedData@16d04d3d]" started-at="2025-01-17T13:34:16 EET" name="duplicatedData" finished-at="2025-01-17T13:34:18 EET" duration-ms="2644" status="PASS">
          <reporter-output>
          </reporter-output>
        </test-method> <!-- duplicatedData -->
        <test-method is-config="true" signature="clearEnvironment()[pri:0, instance:tests.bankManager.addCustomer.invalidScenariosAddCustomer.DuplicatedData@16d04d3d]" started-at="2025-01-17T13:34:18 EET" name="clearEnvironment" finished-at="2025-01-17T13:34:19 EET" duration-ms="150" status="PASS">
          <reporter-output>
          </reporter-output>
        </test-method> <!-- clearEnvironment -->
      </class> <!-- tests.bankManager.addCustomer.invalidScenariosAddCustomer.DuplicatedData -->
      <class name="tests.bankManager.addCustomer.invalidScenariosAddCustomer.MultipleInputSpaceTest">
        <test-method is-config="true" signature="prepareEnvironment()[pri:0, instance:tests.bankManager.addCustomer.invalidScenariosAddCustomer.MultipleInputSpaceTest@36902638]" started-at="2025-01-17T13:34:18 EET" name="prepareEnvironment" finished-at="2025-01-17T13:34:21 EET" duration-ms="2671" status="PASS">
          <reporter-output>
          </reporter-output>
        </test-method> <!-- prepareEnvironment -->
        <test-method signature="multipleInputSpace()[pri:0, instance:tests.bankManager.addCustomer.invalidScenariosAddCustomer.MultipleInputSpaceTest@36902638]" started-at="2025-01-17T13:34:21 EET" name="multipleInputSpace" finished-at="2025-01-17T13:34:23 EET" duration-ms="1869" status="PASS">
          <reporter-output>
          </reporter-output>
        </test-method> <!-- multipleInputSpace -->
        <test-method is-config="true" signature="clearEnvironment()[pri:0, instance:tests.bankManager.addCustomer.invalidScenariosAddCustomer.MultipleInputSpaceTest@36902638]" started-at="2025-01-17T13:34:23 EET" name="clearEnvironment" finished-at="2025-01-17T13:34:23 EET" duration-ms="128" status="PASS">
          <reporter-output>
          </reporter-output>
        </test-method> <!-- clearEnvironment -->
      </class> <!-- tests.bankManager.addCustomer.invalidScenariosAddCustomer.MultipleInputSpaceTest -->
      <class name="tests.bankManager.addCustomer.invalidScenariosAddCustomer.FirstNameEmptyTest">
        <test-method is-config="true" signature="prepareEnvironment()[pri:0, instance:tests.bankManager.addCustomer.invalidScenariosAddCustomer.FirstNameEmptyTest@49ec71f8]" started-at="2025-01-17T13:34:18 EET" name="prepareEnvironment" finished-at="2025-01-17T13:34:20 EET" duration-ms="2669" status="PASS">
          <reporter-output>
          </reporter-output>
        </test-method> <!-- prepareEnvironment -->
        <test-method signature="firstNameEmpty()[pri:0, instance:tests.bankManager.addCustomer.invalidScenariosAddCustomer.FirstNameEmptyTest@49ec71f8]" started-at="2025-01-17T13:34:20 EET" name="firstNameEmpty" finished-at="2025-01-17T13:34:22 EET" duration-ms="1409" status="PASS">
          <reporter-output>
          </reporter-output>
        </test-method> <!-- firstNameEmpty -->
        <test-method is-config="true" signature="clearEnvironment()[pri:0, instance:tests.bankManager.addCustomer.invalidScenariosAddCustomer.FirstNameEmptyTest@49ec71f8]" started-at="2025-01-17T13:34:22 EET" name="clearEnvironment" finished-at="2025-01-17T13:34:22 EET" duration-ms="117" status="PASS">
          <reporter-output>
          </reporter-output>
        </test-method> <!-- clearEnvironment -->
      </class> <!-- tests.bankManager.addCustomer.invalidScenariosAddCustomer.FirstNameEmptyTest -->
      <class name="tests.bankManager.addCustomer.invalidScenariosAddCustomer.BlankSpaceFirstNameTest">
        <test-method is-config="true" signature="prepareEnvironment()[pri:0, instance:tests.bankManager.addCustomer.invalidScenariosAddCustomer.BlankSpaceFirstNameTest@1189dd52]" started-at="2025-01-17T13:34:12 EET" name="prepareEnvironment" finished-at="2025-01-17T13:34:16 EET" duration-ms="4301" status="PASS">
          <reporter-output>
          </reporter-output>
        </test-method> <!-- prepareEnvironment -->
        <test-method signature="blankSpaceFirstName()[pri:0, instance:tests.bankManager.addCustomer.invalidScenariosAddCustomer.BlankSpaceFirstNameTest@1189dd52]" started-at="2025-01-17T13:34:16 EET" name="blankSpaceFirstName" finished-at="2025-01-17T13:34:18 EET" duration-ms="1879" status="PASS">
          <reporter-output>
          </reporter-output>
        </test-method> <!-- blankSpaceFirstName -->
        <test-method is-config="true" signature="clearEnvironment()[pri:0, instance:tests.bankManager.addCustomer.invalidScenariosAddCustomer.BlankSpaceFirstNameTest@1189dd52]" started-at="2025-01-17T13:34:18 EET" name="clearEnvironment" finished-at="2025-01-17T13:34:18 EET" duration-ms="155" status="PASS">
          <reporter-output>
          </reporter-output>
        </test-method> <!-- clearEnvironment -->
      </class> <!-- tests.bankManager.addCustomer.invalidScenariosAddCustomer.BlankSpaceFirstNameTest -->
      <class name="tests.bankManager.addCustomer.invalidScenariosAddCustomer.AllFieldsEmptyTest">
        <test-method is-config="true" signature="prepareEnvironment()[pri:0, instance:tests.bankManager.addCustomer.invalidScenariosAddCustomer.AllFieldsEmptyTest@4567f35d]" started-at="2025-01-17T13:34:12 EET" name="prepareEnvironment" finished-at="2025-01-17T13:34:16 EET" duration-ms="4093" status="PASS">
          <reporter-output>
          </reporter-output>
        </test-method> <!-- prepareEnvironment -->
        <test-method signature="allFieldsEmpty()[pri:0, instance:tests.bankManager.addCustomer.invalidScenariosAddCustomer.AllFieldsEmptyTest@4567f35d]" started-at="2025-01-17T13:34:16 EET" name="allFieldsEmpty" finished-at="2025-01-17T13:34:17 EET" duration-ms="1364" status="PASS">
          <reporter-output>
          </reporter-output>
        </test-method> <!-- allFieldsEmpty -->
        <test-method is-config="true" signature="clearEnvironment()[pri:0, instance:tests.bankManager.addCustomer.invalidScenariosAddCustomer.AllFieldsEmptyTest@4567f35d]" started-at="2025-01-17T13:34:17 EET" name="clearEnvironment" finished-at="2025-01-17T13:34:18 EET" duration-ms="265" status="PASS">
          <reporter-output>
          </reporter-output>
        </test-method> <!-- clearEnvironment -->
      </class> <!-- tests.bankManager.addCustomer.invalidScenariosAddCustomer.AllFieldsEmptyTest -->
      <class name="tests.bankManager.addCustomer.invalidScenariosAddCustomer.BlankSpacePostCodeTest">
        <test-method is-config="true" signature="prepareEnvironment()[pri:0, instance:tests.bankManager.addCustomer.invalidScenariosAddCustomer.BlankSpacePostCodeTest@564fabc8]" started-at="2025-01-17T13:34:12 EET" name="prepareEnvironment" finished-at="2025-01-17T13:34:16 EET" duration-ms="4070" status="PASS">
          <reporter-output>
          </reporter-output>
        </test-method> <!-- prepareEnvironment -->
        <test-method signature="blankSpacePostCode()[pri:0, instance:tests.bankManager.addCustomer.invalidScenariosAddCustomer.BlankSpacePostCodeTest@564fabc8]" started-at="2025-01-17T13:34:16 EET" name="blankSpacePostCode" finished-at="2025-01-17T13:34:18 EET" duration-ms="1878" status="PASS">
          <reporter-output>
          </reporter-output>
        </test-method> <!-- blankSpacePostCode -->
        <test-method is-config="true" signature="clearEnvironment()[pri:0, instance:tests.bankManager.addCustomer.invalidScenariosAddCustomer.BlankSpacePostCodeTest@564fabc8]" started-at="2025-01-17T13:34:18 EET" name="clearEnvironment" finished-at="2025-01-17T13:34:18 EET" duration-ms="187" status="PASS">
          <reporter-output>
          </reporter-output>
        </test-method> <!-- clearEnvironment -->
      </class> <!-- tests.bankManager.addCustomer.invalidScenariosAddCustomer.BlankSpacePostCodeTest -->
      <class name="tests.bankManager.addCustomer.invalidScenariosAddCustomer.LastNameEmptyTest">
        <test-method is-config="true" signature="prepareEnvironment()[pri:0, instance:tests.bankManager.addCustomer.invalidScenariosAddCustomer.LastNameEmptyTest@1d2adfbe]" started-at="2025-01-17T13:34:18 EET" name="prepareEnvironment" finished-at="2025-01-17T13:34:21 EET" duration-ms="2894" status="PASS">
          <reporter-output>
          </reporter-output>
        </test-method> <!-- prepareEnvironment -->
        <test-method signature="lastNameEmpty()[pri:0, instance:tests.bankManager.addCustomer.invalidScenariosAddCustomer.LastNameEmptyTest@1d2adfbe]" started-at="2025-01-17T13:34:21 EET" name="lastNameEmpty" finished-at="2025-01-17T13:34:22 EET" duration-ms="1504" status="PASS">
          <reporter-output>
          </reporter-output>
        </test-method> <!-- lastNameEmpty -->
        <test-method is-config="true" signature="clearEnvironment()[pri:0, instance:tests.bankManager.addCustomer.invalidScenariosAddCustomer.LastNameEmptyTest@1d2adfbe]" started-at="2025-01-17T13:34:22 EET" name="clearEnvironment" finished-at="2025-01-17T13:34:22 EET" duration-ms="130" status="PASS">
          <reporter-output>
          </reporter-output>
        </test-method> <!-- clearEnvironment -->
      </class> <!-- tests.bankManager.addCustomer.invalidScenariosAddCustomer.LastNameEmptyTest -->
      <class name="tests.bankManager.addCustomer.invalidScenariosAddCustomer.PostCodeEmptyTest">
        <test-method is-config="true" signature="prepareEnvironment()[pri:0, instance:tests.bankManager.addCustomer.invalidScenariosAddCustomer.PostCodeEmptyTest@223d2c72]" started-at="2025-01-17T13:34:18 EET" name="prepareEnvironment" finished-at="2025-01-17T13:34:21 EET" duration-ms="2728" status="PASS">
          <reporter-output>
          </reporter-output>
        </test-method> <!-- prepareEnvironment -->
        <test-method signature="postCodeEmpty()[pri:0, instance:tests.bankManager.addCustomer.invalidScenariosAddCustomer.PostCodeEmptyTest@223d2c72]" started-at="2025-01-17T13:34:21 EET" name="postCodeEmpty" finished-at="2025-01-17T13:34:22 EET" duration-ms="1513" status="PASS">
          <reporter-output>
          </reporter-output>
        </test-method> <!-- postCodeEmpty -->
        <test-method is-config="true" signature="clearEnvironment()[pri:0, instance:tests.bankManager.addCustomer.invalidScenariosAddCustomer.PostCodeEmptyTest@223d2c72]" started-at="2025-01-17T13:34:22 EET" name="clearEnvironment" finished-at="2025-01-17T13:34:22 EET" duration-ms="131" status="PASS">
          <reporter-output>
          </reporter-output>
        </test-method> <!-- clearEnvironment -->
      </class> <!-- tests.bankManager.addCustomer.invalidScenariosAddCustomer.PostCodeEmptyTest -->
      <class name="tests.bankManager.addCustomer.invalidScenariosAddCustomer.BlankSpaceLastNameTest">
        <test-method is-config="true" signature="prepareEnvironment()[pri:0, instance:tests.bankManager.addCustomer.invalidScenariosAddCustomer.BlankSpaceLastNameTest@36bc55de]" started-at="2025-01-17T13:34:12 EET" name="prepareEnvironment" finished-at="2025-01-17T13:34:16 EET" duration-ms="3810" status="PASS">
          <reporter-output>
          </reporter-output>
        </test-method> <!-- prepareEnvironment -->
        <test-method signature="blankSpaceLastName()[pri:0, instance:tests.bankManager.addCustomer.invalidScenariosAddCustomer.BlankSpaceLastNameTest@36bc55de]" started-at="2025-01-17T13:34:16 EET" name="blankSpaceLastName" finished-at="2025-01-17T13:34:18 EET" duration-ms="2293" status="PASS">
          <reporter-output>
          </reporter-output>
        </test-method> <!-- blankSpaceLastName -->
        <test-method is-config="true" signature="clearEnvironment()[pri:0, instance:tests.bankManager.addCustomer.invalidScenariosAddCustomer.BlankSpaceLastNameTest@36bc55de]" started-at="2025-01-17T13:34:18 EET" name="clearEnvironment" finished-at="2025-01-17T13:34:18 EET" duration-ms="167" status="PASS">
          <reporter-output>
          </reporter-output>
        </test-method> <!-- clearEnvironment -->
      </class> <!-- tests.bankManager.addCustomer.invalidScenariosAddCustomer.BlankSpaceLastNameTest -->
    </test> <!-- Bank Manager Add Customer Tests -->
  </suite> <!-- XYZ Bank Test Suite -->
</testng-results>
