<?xml version="1.0" encoding="UTF-8" ?>
<testsuite tests="12" failures="0" name="TestSuite" time="16.659" errors="0" skipped="0">
  <properties>
[...]
</properties>
  <testcase classname="tests.bankManager.addCustomer.invalidScenariosAddCustomer.AllFieldsEmptyTest" name="allFieldsEmpty" time="1.172"/>
  <testcase classname="tests.bankManager.addCustomer.invalidScenariosAddCustomer.BlankSpaceFirstNameTest" name="blankSpaceFirstName" time="1.282"/>
  <testcase classname="tests.bankManager.addCustomer.invalidScenariosAddCustomer.BlankSpaceLastNameTest" name="blankSpaceLastName" time="1.292"/>
  <testcase classname="tests.bankManager.addCustomer.invalidScenariosAddCustomer.BlankSpacePostCodeTest" name="blankSpacePostCode" time="1.302"/>
  <testcase classname="tests.bankManager.addCustomer.invalidScenariosAddCustomer.FirstNameEmptyTest" name="firstNameEmpty" time="1.25"/>
  <testcase classname="tests.bankManager.addCustomer.invalidScenariosAddCustomer.LastNameEmptyTest" name="lastNameEmpty" time="1.256"/>
  <testcase classname="tests.bankManager.addCustomer.invalidScenariosAddCustomer.MultipleInputSpaceTest" name="multipleInputSpace" time="1.589"/>
  <testcase classname="tests.bankManager.addCustomer.invalidScenariosAddCustomer.PostCodeEmptyTest" name="postCodeEmpty" time="1.243"/>
  <testcase classname="tests.bankManager.addCustomer.validScenariosAddCustomer.AllTypeOfCharsTest" name="allTypeOfCharsTest" time="1.566"/>
  <testcase classname="tests.bankManager.addCustomer.validScenariosAddCustomer.MaximumLengthTest" name="maximumLengthOfChars" time="1.584"/>
  <testcase classname="tests.bankManager.addCustomer.validScenariosAddCustomer.MinimumLengthTest" name="minimumLengthOfChars" time="1.557"/>
  <testcase classname="tests.bankManager.addCustomer.validScenariosAddCustomer.OneInputSpaceTest" name="oneInputSpace" time="1.566"/>
</testsuite>