<?xml version="1.0" encoding="UTF-8"?>
<testng-results ignored="0" total="2" passed="2" failed="0" skipped="0">
  <reporter-output>
  </reporter-output>
  <suite started-at="2024-11-20T02:29:29 EET" name="Command line suite" finished-at="2024-11-20T02:30:01 EET" duration-ms="31419">
    <groups>
    </groups>
    <test started-at="2024-11-20T02:29:29 EET" name="Command line test" finished-at="2024-11-20T02:30:01 EET" duration-ms="31419">
      <class name="tests.SmokeTest">
        <test-method is-config="true" signature="prepareEnvironment()[pri:0, instance:tests.SmokeTest@75c072cb]" started-at="2024-11-20T02:29:36 EET" name="prepareEnvironment" finished-at="2024-11-20T02:29:38 EET" duration-ms="2749" status="PASS">
          <reporter-output>
          </reporter-output>
        </test-method> <!-- prepareEnvironment -->
        <test-method signature="smoke()[pri:0, instance:tests.SmokeTest@75c072cb]" started-at="2024-11-20T02:29:38 EET" name="smoke" finished-at="2024-11-20T02:30:00 EET" duration-ms="22001" status="PASS">
          <reporter-output>
          </reporter-output>
        </test-method> <!-- smoke -->
        <test-method is-config="true" signature="clearEnvironment()[pri:0, instance:tests.SmokeTest@75c072cb]" started-at="2024-11-20T02:30:00 EET" name="clearEnvironment" finished-at="2024-11-20T02:30:01 EET" duration-ms="165" status="PASS">
          <reporter-output>
          </reporter-output>
        </test-method> <!-- clearEnvironment -->
      </class> <!-- tests.SmokeTest -->
      <class name="tests.CreateCustomerTest">
        <test-method is-config="true" signature="prepareEnvironment()[pri:0, instance:tests.CreateCustomerTest@564718df]" started-at="2024-11-20T02:29:29 EET" name="prepareEnvironment" finished-at="2024-11-20T02:29:32 EET" duration-ms="3233" status="PASS">
          <reporter-output>
          </reporter-output>
        </test-method> <!-- prepareEnvironment -->
        <test-method signature="createCustomer()[pri:0, instance:tests.CreateCustomerTest@564718df]" started-at="2024-11-20T02:29:32 EET" name="createCustomer" finished-at="2024-11-20T02:29:35 EET" duration-ms="3029" status="PASS">
          <reporter-output>
          </reporter-output>
        </test-method> <!-- createCustomer -->
        <test-method is-config="true" signature="clearEnvironment()[pri:0, instance:tests.CreateCustomerTest@564718df]" started-at="2024-11-20T02:29:35 EET" name="clearEnvironment" finished-at="2024-11-20T02:29:36 EET" duration-ms="204" status="PASS">
          <reporter-output>
          </reporter-output>
        </test-method> <!-- clearEnvironment -->
      </class> <!-- tests.CreateCustomerTest -->
    </test> <!-- Command line test -->
  </suite> <!-- Command line suite -->
</testng-results>
