<?xml version="1.0" encoding="UTF-8"?>
<testng-results ignored="0" total="1" passed="1" failed="0" skipped="0">
  <reporter-output>
  </reporter-output>
  <suite started-at="2024-11-09T23:32:50 EET" name="tests.SmokeTest" finished-at="2024-11-09T23:33:13 EET" duration-ms="23168">
    <groups>
    </groups>
    <test started-at="2024-11-09T23:32:50 EET" name="Command line test" finished-at="2024-11-09T23:33:13 EET" duration-ms="23168">
      <class name="tests.SmokeTest">
        <test-method is-config="true" signature="prepareEnvironment()[pri:0, instance:tests.SmokeTest@4f9a3314]" started-at="2024-11-09T23:32:50 EET" name="prepareEnvironment" finished-at="2024-11-09T23:32:53 EET" duration-ms="2845" status="PASS">
          <reporter-output>
          </reporter-output>
        </test-method> <!-- prepareEnvironment -->
        <test-method signature="smoke()[pri:0, instance:tests.SmokeTest@4f9a3314]" started-at="2024-11-09T23:32:53 EET" name="smoke" finished-at="2024-11-09T23:33:13 EET" duration-ms="20290" status="PASS">
          <reporter-output>
          </reporter-output>
        </test-method> <!-- smoke -->
        <test-method is-config="true" signature="clearEnvironment()[pri:0, instance:tests.SmokeTest@4f9a3314]" started-at="2024-11-09T23:33:13 EET" name="clearEnvironment" finished-at="2024-11-09T23:33:13 EET" duration-ms="1" status="PASS">
          <reporter-output>
          </reporter-output>
        </test-method> <!-- clearEnvironment -->
      </class> <!-- tests.SmokeTest -->
    </test> <!-- Command line test -->
  </suite> <!-- tests.SmokeTest -->
</testng-results>
